<?xml version="1.0" encoding="UTF-8"?>
<!-- Generated by org.testng.reporters.JUnitXMLReporter -->
<testsuite ignored="0" hostname="MSI" failures="0" tests="7" name="Default test" time="18.704" errors="0" timestamp="2025-08-20T23:53:50 IST">
  <testcase classname="Testng.dataprovider" name="testLoginWithMultipleCredentials" time="0.255"/>
  <testcase classname="Testng.dataprovider" name="testLoginWithMultipleCredentials" time="0.271"/>
  <testcase classname="Testng.dataprovider" name="testLoginWithMultipleCredentials" time="0.273"/>
  <testcase classname="Testng.dataprovider" name="testLoginWithMultipleCredentials" time="5.28"/>
  <testcase classname="Testng.dataprovider" name="testLoginWithMultipleCredentials" time="0.258"/>
  <testcase classname="Testng.dataprovider" name="testLoginWithMultipleCredentials" time="0.449"/>
  <testcase classname="Testng.dataprovider" name="testLoginWithMultipleCredentials" time="0.238"/>
</testsuite> <!-- Default test -->
