<?xml version="1.0" encoding="UTF-8"?>
<!-- Generated by org.testng.reporters.JUnitXMLReporter -->
<testsuite ignored="2" hostname="MSI" failures="0" tests="13" name="All Test Classes" time="24.595" errors="0" timestamp="2025-08-20T21:22:36 IST">
  <testcase classname="Testng.enableddisable" name="activeTest" time="0.007"/>
  <testcase classname="Testng.multipleruns" name="repeatThisTest" time="0.008"/>
  <testcase classname="Testng.loginpage" name="test" time="0.012"/>
  <testcase classname="Testng.dataprovider" name="testLoginWithMultipleCredentials" time="0.431"/>
  <testcase classname="Testng.dataprovider" name="testLoginWithMultipleCredentials" time="0.418"/>
  <testcase classname="Testng.dependent" name="login" time="4.659"/>
  <testcase classname="Testng.dataprovider" name="testLoginWithMultipleCredentials" time="0.373"/>
  <testcase classname="Testng.dependent" name="searchProduct" time="5.69"/>
  <testcase classname="Testng.dependent" name="logout" time="2.216"/>
  <testcase classname="Testng.dataprovider" name="testLoginWithMultipleCredentials" time="5.61"/>
  <testcase classname="Testng.dataprovider" name="testLoginWithMultipleCredentials" time="0.318"/>
  <testcase classname="Testng.dataprovider" name="testLoginWithMultipleCredentials" time="0.297"/>
  <testcase classname="Testng.dataprovider" name="testLoginWithMultipleCredentials" time="0.32"/>
  <testcase classname="Testng.enableddisable" name="disabledTest" time="0.0">
    <ignored/>
  </testcase> <!-- disabledTest -->
  <testcase classname="Testng.dependent" name="logout1" time="0.0">
    <ignored/>
  </testcase> <!-- logout1 -->
</testsuite> <!-- All Test Classes -->
