<?xml version="1.0" encoding="UTF-8"?>
<testng-results ignored="0" total="7" passed="7" failed="0" skipped="0">
  <reporter-output>
  </reporter-output>
  <suite started-at="2025-08-20T23:53:31 IST" name="Default suite" finished-at="2025-08-20T23:53:50 IST" duration-ms="18704">
    <groups>
    </groups>
    <test started-at="2025-08-20T23:53:31 IST" name="Default test" finished-at="2025-08-20T23:53:50 IST" duration-ms="18704">
      <class name="Testng.dataprovider">
        <test-method is-config="true" signature="setUp()[pri:0, instance:Testng.dataprovider@44c03695]" started-at="2025-08-20T23:53:31 IST" name="setUp" finished-at="2025-08-20T23:53:33 IST" duration-ms="1899" status="PASS">
          <reporter-output>
          </reporter-output>
        </test-method> <!-- setUp -->
        <test-method signature="testLoginWithMultipleCredentials(java.lang.String,java.lang.String,boolean)[pri:0, instance:Testng.dataprovider@44c03695]" started-at="2025-08-20T23:53:33 IST" name="testLoginWithMultipleCredentials" data-provider="loginData" finished-at="2025-08-20T23:53:33 IST" duration-ms="255" status="PASS">
          <params>
            <param index="0">
              <value>
                <![CDATA[standard_user]]>
              </value>
            </param>
            <param index="1">
              <value>
                <![CDATA[secret_sauce]]>
              </value>
            </param>
            <param index="2">
              <value>
                <![CDATA[true]]>
              </value>
            </param>
          </params>
          <reporter-output>
          </reporter-output>
        </test-method> <!-- testLoginWithMultipleCredentials -->
        <test-method is-config="true" signature="setUp()[pri:0, instance:Testng.dataprovider@44c03695]" started-at="2025-08-20T23:53:33 IST" name="setUp" finished-at="2025-08-20T23:53:35 IST" duration-ms="1369" status="PASS">
          <reporter-output>
          </reporter-output>
        </test-method> <!-- setUp -->
        <test-method signature="testLoginWithMultipleCredentials(java.lang.String,java.lang.String,boolean)[pri:0, instance:Testng.dataprovider@44c03695]" started-at="2025-08-20T23:53:35 IST" name="testLoginWithMultipleCredentials" data-provider="loginData" finished-at="2025-08-20T23:53:35 IST" duration-ms="271" status="PASS">
          <params>
            <param index="0">
              <value>
                <![CDATA[locked_out_user]]>
              </value>
            </param>
            <param index="1">
              <value>
                <![CDATA[secret_sauce]]>
              </value>
            </param>
            <param index="2">
              <value>
                <![CDATA[false]]>
              </value>
            </param>
          </params>
          <reporter-output>
          </reporter-output>
        </test-method> <!-- testLoginWithMultipleCredentials -->
        <test-method is-config="true" signature="setUp()[pri:0, instance:Testng.dataprovider@44c03695]" started-at="2025-08-20T23:53:35 IST" name="setUp" finished-at="2025-08-20T23:53:36 IST" duration-ms="1300" status="PASS">
          <reporter-output>
          </reporter-output>
        </test-method> <!-- setUp -->
        <test-method signature="testLoginWithMultipleCredentials(java.lang.String,java.lang.String,boolean)[pri:0, instance:Testng.dataprovider@44c03695]" started-at="2025-08-20T23:53:36 IST" name="testLoginWithMultipleCredentials" data-provider="loginData" finished-at="2025-08-20T23:53:37 IST" duration-ms="273" status="PASS">
          <params>
            <param index="0">
              <value>
                <![CDATA[problem_user]]>
              </value>
            </param>
            <param index="1">
              <value>
                <![CDATA[secret_sauce]]>
              </value>
            </param>
            <param index="2">
              <value>
                <![CDATA[true]]>
              </value>
            </param>
          </params>
          <reporter-output>
          </reporter-output>
        </test-method> <!-- testLoginWithMultipleCredentials -->
        <test-method is-config="true" signature="setUp()[pri:0, instance:Testng.dataprovider@44c03695]" started-at="2025-08-20T23:53:37 IST" name="setUp" finished-at="2025-08-20T23:53:38 IST" duration-ms="1426" status="PASS">
          <reporter-output>
          </reporter-output>
        </test-method> <!-- setUp -->
        <test-method signature="testLoginWithMultipleCredentials(java.lang.String,java.lang.String,boolean)[pri:0, instance:Testng.dataprovider@44c03695]" started-at="2025-08-20T23:53:38 IST" name="testLoginWithMultipleCredentials" data-provider="loginData" finished-at="2025-08-20T23:53:43 IST" duration-ms="5280" status="PASS">
          <params>
            <param index="0">
              <value>
                <![CDATA[performance_glitch_user]]>
              </value>
            </param>
            <param index="1">
              <value>
                <![CDATA[secret_sauce]]>
              </value>
            </param>
            <param index="2">
              <value>
                <![CDATA[true]]>
              </value>
            </param>
          </params>
          <reporter-output>
          </reporter-output>
        </test-method> <!-- testLoginWithMultipleCredentials -->
        <test-method is-config="true" signature="setUp()[pri:0, instance:Testng.dataprovider@44c03695]" started-at="2025-08-20T23:53:43 IST" name="setUp" finished-at="2025-08-20T23:53:45 IST" duration-ms="1918" status="PASS">
          <reporter-output>
          </reporter-output>
        </test-method> <!-- setUp -->
        <test-method signature="testLoginWithMultipleCredentials(java.lang.String,java.lang.String,boolean)[pri:0, instance:Testng.dataprovider@44c03695]" started-at="2025-08-20T23:53:45 IST" name="testLoginWithMultipleCredentials" data-provider="loginData" finished-at="2025-08-20T23:53:46 IST" duration-ms="258" status="PASS">
          <params>
            <param index="0">
              <value>
                <![CDATA[invalid_user]]>
              </value>
            </param>
            <param index="1">
              <value>
                <![CDATA[invalid_pass]]>
              </value>
            </param>
            <param index="2">
              <value>
                <![CDATA[false]]>
              </value>
            </param>
          </params>
          <reporter-output>
          </reporter-output>
        </test-method> <!-- testLoginWithMultipleCredentials -->
        <test-method is-config="true" signature="setUp()[pri:0, instance:Testng.dataprovider@44c03695]" started-at="2025-08-20T23:53:46 IST" name="setUp" finished-at="2025-08-20T23:53:47 IST" duration-ms="1914" status="PASS">
          <reporter-output>
          </reporter-output>
        </test-method> <!-- setUp -->
        <test-method signature="testLoginWithMultipleCredentials(java.lang.String,java.lang.String,boolean)[pri:0, instance:Testng.dataprovider@44c03695]" started-at="2025-08-20T23:53:47 IST" name="testLoginWithMultipleCredentials" data-provider="loginData" finished-at="2025-08-20T23:53:48 IST" duration-ms="449" status="PASS">
          <params>
            <param index="0">
              <value>
                <![CDATA[]]>
              </value>
            </param>
            <param index="1">
              <value>
                <![CDATA[secret_sauce]]>
              </value>
            </param>
            <param index="2">
              <value>
                <![CDATA[false]]>
              </value>
            </param>
          </params>
          <reporter-output>
          </reporter-output>
        </test-method> <!-- testLoginWithMultipleCredentials -->
        <test-method is-config="true" signature="setUp()[pri:0, instance:Testng.dataprovider@44c03695]" started-at="2025-08-20T23:53:48 IST" name="setUp" finished-at="2025-08-20T23:53:50 IST" duration-ms="1802" status="PASS">
          <reporter-output>
          </reporter-output>
        </test-method> <!-- setUp -->
        <test-method signature="testLoginWithMultipleCredentials(java.lang.String,java.lang.String,boolean)[pri:0, instance:Testng.dataprovider@44c03695]" started-at="2025-08-20T23:53:50 IST" name="testLoginWithMultipleCredentials" data-provider="loginData" finished-at="2025-08-20T23:53:50 IST" duration-ms="238" status="PASS">
          <params>
            <param index="0">
              <value>
                <![CDATA[standard_user]]>
              </value>
            </param>
            <param index="1">
              <value>
                <![CDATA[]]>
              </value>
            </param>
            <param index="2">
              <value>
                <![CDATA[false]]>
              </value>
            </param>
          </params>
          <reporter-output>
          </reporter-output>
        </test-method> <!-- testLoginWithMultipleCredentials -->
      </class> <!-- Testng.dataprovider -->
    </test> <!-- Default test -->
  </suite> <!-- Default suite -->
</testng-results>
